{"uuid":"941aef24-538c-4762-96df-1608fa8502a4","historyId":"31bf2d9578800f03c1ca89a1488fd820","testCaseId":"397ebfaedc5ffe011c9adb5af824cf8c","fullName":"src/test/resources/features/EndToEndFeatures.feature:3","labels":[{"name":"host","value":"DESKTOP-44HO9DI"},{"name":"thread","value":"25756@DESKTOP-44HO9DI.main(1)"},{"name":"feature","value":"Verify end to end features"},{"name":"story","value":"Very various request methods"},{"name":"suite","value":"Verify end to end features"},{"name":"testClass","value":"Very various request methods"},{"name":"framework","value":"cucumber4jvm"},{"name":"language","value":"java"},{"name":"gherkin_uri","value":"file:///C:/Users/SARAVANAN/IdeaProjects/RestAssuredFoundationExam/src/test/resources/features/EndToEndFeatures.feature"},{"name":"package","value":"src.test.resources.features.EndToEndFeatures_feature.Verify end to end features"}],"links":[],"name":"Very various request methods","status":"failed","statusDetails":{"known":false,"muted":false,"flaky":false,"message":"expected:<2019> but was:<null>","trace":"java.lang.AssertionError: expected:<2019> but was:<null>\r\n\tat org.junit.Assert.fail(Assert.java:89)\r\n\tat org.junit.Assert.failNotEquals(Assert.java:835)\r\n\tat org.junit.Assert.assertEquals(Assert.java:120)\r\n\tat org.junit.Assert.assertEquals(Assert.java:146)\r\n\tat com.automation.steps.ResponseSteps.verifyJsonValueOfIs(ResponseSteps.java:29)\r\n\tat ✽.verify json value of \"data.year\" is \"2019\"(file:///C:/Users/SARAVANAN/IdeaProjects/RestAssuredFoundationExam/src/test/resources/features/EndToEndFeatures.feature:12)\r\n"},"stage":"finished","steps":[{"name":"Given user sets endpoint \"/objects\"","status":"passed","statusDetails":{"known":false,"muted":false,"flaky":false},"stage":"finished","steps":[],"attachments":[],"parameters":[],"start":1731243277902,"stop":1731243277979},{"name":"And sets header \"Content-Type\" as \"application/json\"","status":"passed","statusDetails":{"known":false,"muted":false,"flaky":false},"stage":"finished","steps":[],"attachments":[],"parameters":[],"start":1731243277980,"stop":1731243278018},{"name":"When user sets request body from \"create-request.json\"","status":"passed","statusDetails":{"known":false,"muted":false,"flaky":false},"stage":"finished","steps":[],"attachments":[],"parameters":[],"start":1731243278018,"stop":1731243278023},{"name":"And performs post call","status":"passed","statusDetails":{"known":false,"muted":false,"flaky":false},"stage":"finished","steps":[],"attachments":[],"parameters":[],"start":1731243278023,"stop":1731243279770},{"name":"Then verify status code is 200","status":"passed","statusDetails":{"known":false,"muted":false,"flaky":false},"stage":"finished","steps":[],"attachments":[],"parameters":[],"start":1731243279770,"stop":1731243279772},{"name":"When user sets endpoint \"/objects/@id\"","status":"passed","statusDetails":{"known":false,"muted":false,"flaky":false},"stage":"finished","steps":[],"attachments":[],"parameters":[],"start":1731243279772,"stop":1731243279772},{"name":"And perform get call","status":"passed","statusDetails":{"known":false,"muted":false,"flaky":false},"stage":"finished","steps":[],"attachments":[],"parameters":[],"start":1731243279772,"stop":1731243280096},{"name":"Then verify status code is 200","status":"passed","statusDetails":{"known":false,"muted":false,"flaky":false},"stage":"finished","steps":[],"attachments":[],"parameters":[],"start":1731243280096,"stop":1731243280097},{"name":"And verify json value of \"data.year\" is \"2019\"","status":"failed","statusDetails":{"known":false,"muted":false,"flaky":false,"message":"expected:<2019> but was:<null>","trace":"java.lang.AssertionError: expected:<2019> but was:<null>\r\n\tat org.junit.Assert.fail(Assert.java:89)\r\n\tat org.junit.Assert.failNotEquals(Assert.java:835)\r\n\tat org.junit.Assert.assertEquals(Assert.java:120)\r\n\tat org.junit.Assert.assertEquals(Assert.java:146)\r\n\tat com.automation.steps.ResponseSteps.verifyJsonValueOfIs(ResponseSteps.java:29)\r\n\tat ✽.verify json value of \"data.year\" is \"2019\"(file:///C:/Users/SARAVANAN/IdeaProjects/RestAssuredFoundationExam/src/test/resources/features/EndToEndFeatures.feature:12)\r\n"},"stage":"finished","steps":[],"attachments":[],"parameters":[],"start":1731243280097,"stop":1731243280114},{"name":"When user sets endpoint \"/objects/@id\"","status":"skipped","statusDetails":{"known":false,"muted":false,"flaky":false},"stage":"finished","steps":[],"attachments":[],"parameters":[],"start":1731243280115,"stop":1731243280115},{"name":"And sets header \"Content-Type\" as \"application/json\"","status":"skipped","statusDetails":{"known":false,"muted":false,"flaky":false},"stage":"finished","steps":[],"attachments":[],"parameters":[],"start":1731243280115,"stop":1731243280115},{"name":"When user sets request body from \"update-request.json\"","status":"skipped","statusDetails":{"known":false,"muted":false,"flaky":false},"stage":"finished","steps":[],"attachments":[],"parameters":[],"start":1731243280115,"stop":1731243280115},{"name":"And performs put call","status":"skipped","statusDetails":{"known":false,"muted":false,"flaky":false},"stage":"finished","steps":[],"attachments":[],"parameters":[],"start":1731243280115,"stop":1731243280115},{"name":"Then verify status code is 200","status":"skipped","statusDetails":{"known":false,"muted":false,"flaky":false},"stage":"finished","steps":[],"attachments":[],"parameters":[],"start":1731243280115,"stop":1731243280115},{"name":"And verify json value of \"name\" is \"Samsung s24\"","status":"skipped","statusDetails":{"known":false,"muted":false,"flaky":false},"stage":"finished","steps":[],"attachments":[],"parameters":[],"start":1731243280115,"stop":1731243280115}],"attachments":[],"parameters":[],"start":1731243277617,"stop":1731243280121}